<?xml version="1.0" encoding="UTF-8"?>
<testsuite xmlns:xsi="http://www.w3.org/2001/XMLSchema-instance" xsi:noNamespaceSchemaLocation="https://maven.apache.org/surefire/maven-surefire-plugin/xsd/surefire-test-report.xsd" name="com.yuhangTao.TestRegistLoginController" time="35.482" tests="1" errors="0" skipped="0" failures="1">
  <properties>
    <property name="sun.desktop" value="windows"/>
    <property name="awt.toolkit" value="sun.awt.windows.WToolkit"/>
    <property name="file.encoding.pkg" value="sun.io"/>
    <property name="java.specification.version" value="1.8"/>
    <property name="sun.cpu.isalist" value="amd64"/>
    <property name="sun.jnu.encoding" value="GBK"/>
    <property name="java.class.path" value="E:\wechat_app\short_video\short-video-back\short-video-root\short-video-root-mini-api\target\test-classes;E:\wechat_app\short_video\short-video-back\short-video-root\short-video-root-mini-api\target\classes;E:\wechat_app\short_video\short-video-back\short-video-root\short-video-root-service\target\short-video-root-service-0.0.1-SNAPSHOT.jar;E:\wechat_app\short_video\short-video-back\short-video-root\short-video-root-mapper\target\short-video-root-mapper-0.0.1-SNAPSHOT.jar;E:\wechat_app\short_video\short-video-back\short-video-root\short-video-root-pojo\target\short-video-root-pojo-0.0.1-SNAPSHOT.jar;E:\wechat_app\short_video\short-video-back\short-video-root\short-video-root-common\target\short-video-root-common-0.0.1-SNAPSHOT.jar;E:\maven_repo\org\springframework\boot\spring-boot-starter-log4j\1.3.8.RELEASE\spring-boot-starter-log4j-1.3.8.RELEASE.jar;E:\maven_repo\org\slf4j\jcl-over-slf4j\1.7.25\jcl-over-slf4j-1.7.25.jar;E:\maven_repo\org\slf4j\jul-to-slf4j\1.7.25\jul-to-slf4j-1.7.25.jar;E:\maven_repo\org\slf4j\slf4j-log4j12\1.7.25\slf4j-log4j12-1.7.25.jar;E:\maven_repo\log4j\log4j\1.2.17\log4j-1.2.17.jar;E:\maven_repo\org\springframework\boot\spring-boot-starter-aop\2.0.5.RELEASE\spring-boot-starter-aop-2.0.5.RELEASE.jar;E:\maven_repo\org\aspectj\aspectjweaver\1.8.13\aspectjweaver-1.8.13.jar;E:\maven_repo\org\springframework\boot\spring-boot-starter-web\2.0.5.RELEASE\spring-boot-starter-web-2.0.5.RELEASE.jar;E:\maven_repo\org\springframework\boot\spring-boot-starter-json\2.0.5.RELEASE\spring-boot-starter-json-2.0.5.RELEASE.jar;E:\maven_repo\com\fasterxml\jackson\core\jackson-databind\2.9.6\jackson-databind-2.9.6.jar;E:\maven_repo\com\fasterxml\jackson\core\jackson-core\2.9.6\jackson-core-2.9.6.jar;E:\maven_repo\com\fasterxml\jackson\datatype\jackson-datatype-jdk8\2.9.6\jackson-datatype-jdk8-2.9.6.jar;E:\maven_repo\com\fasterxml\jackson\datatype\jackson-datatype-jsr310\2.9.6\jackson-datatype-jsr310-2.9.6.jar;E:\maven_repo\com\fasterxml\jackson\module\jackson-module-parameter-names\2.9.6\jackson-module-parameter-names-2.9.6.jar;E:\maven_repo\org\springframework\boot\spring-boot-starter-tomcat\2.0.5.RELEASE\spring-boot-starter-tomcat-2.0.5.RELEASE.jar;E:\maven_repo\org\apache\tomcat\embed\tomcat-embed-core\8.5.34\tomcat-embed-core-8.5.34.jar;E:\maven_repo\org\apache\tomcat\embed\tomcat-embed-el\8.5.34\tomcat-embed-el-8.5.34.jar;E:\maven_repo\org\apache\tomcat\embed\tomcat-embed-websocket\8.5.34\tomcat-embed-websocket-8.5.34.jar;E:\maven_repo\org\hibernate\validator\hibernate-validator\6.0.12.Final\hibernate-validator-6.0.12.Final.jar;E:\maven_repo\javax\validation\validation-api\2.0.1.Final\validation-api-2.0.1.Final.jar;E:\maven_repo\org\jboss\logging\jboss-logging\3.3.2.Final\jboss-logging-3.3.2.Final.jar;E:\maven_repo\org\springframework\spring-web\5.0.9.RELEASE\spring-web-5.0.9.RELEASE.jar;E:\maven_repo\org\springframework\spring-webmvc\5.0.9.RELEASE\spring-webmvc-5.0.9.RELEASE.jar;E:\maven_repo\org\springframework\boot\spring-boot-starter-thymeleaf\2.0.5.RELEASE\spring-boot-starter-thymeleaf-2.0.5.RELEASE.jar;E:\maven_repo\org\thymeleaf\thymeleaf-spring5\3.0.9.RELEASE\thymeleaf-spring5-3.0.9.RELEASE.jar;E:\maven_repo\org\thymeleaf\thymeleaf\3.0.9.RELEASE\thymeleaf-3.0.9.RELEASE.jar;E:\maven_repo\org\attoparser\attoparser\2.0.4.RELEASE\attoparser-2.0.4.RELEASE.jar;E:\maven_repo\org\unbescape\unbescape\1.1.5.RELEASE\unbescape-1.1.5.RELEASE.jar;E:\maven_repo\org\thymeleaf\extras\thymeleaf-extras-java8time\3.0.1.RELEASE\thymeleaf-extras-java8time-3.0.1.RELEASE.jar;E:\maven_repo\com\alibaba\druid\1.1.10\druid-1.1.10.jar;E:\maven_repo\com\alibaba\druid-spring-boot-starter\1.1.10\druid-spring-boot-starter-1.1.10.jar;E:\maven_repo\mysql\mysql-connector-java\5.1.47\mysql-connector-java-5.1.47.jar;E:\maven_repo\org\mybatis\spring\boot\mybatis-spring-boot-starter\1.3.2\mybatis-spring-boot-starter-1.3.2.jar;E:\maven_repo\org\springframework\boot\spring-boot-starter-jdbc\2.0.5.RELEASE\spring-boot-starter-jdbc-2.0.5.RELEASE.jar;E:\maven_repo\com\zaxxer\HikariCP\2.7.9\HikariCP-2.7.9.jar;E:\maven_repo\org\springframework\spring-jdbc\5.0.9.RELEASE\spring-jdbc-5.0.9.RELEASE.jar;E:\maven_repo\org\springframework\spring-tx\5.0.9.RELEASE\spring-tx-5.0.9.RELEASE.jar;E:\maven_repo\org\mybatis\spring\boot\mybatis-spring-boot-autoconfigure\1.3.2\mybatis-spring-boot-autoconfigure-1.3.2.jar;E:\maven_repo\org\mybatis\mybatis\3.4.6\mybatis-3.4.6.jar;E:\maven_repo\org\mybatis\mybatis-spring\1.3.2\mybatis-spring-1.3.2.jar;E:\maven_repo\tk\mybatis\mapper-spring-boot-starter\2.0.4\mapper-spring-boot-starter-2.0.4.jar;E:\maven_repo\tk\mybatis\mapper-core\1.0.5\mapper-core-1.0.5.jar;E:\maven_repo\javax\persistence\persistence-api\1.0\persistence-api-1.0.jar;E:\maven_repo\tk\mybatis\mapper-base\1.0.5\mapper-base-1.0.5.jar;E:\maven_repo\tk\mybatis\mapper-weekend\1.1.4.1\mapper-weekend-1.1.4.1.jar;E:\maven_repo\tk\mybatis\mapper-spring\1.0.5\mapper-spring-1.0.5.jar;E:\maven_repo\tk\mybatis\mapper-extra\1.0.5\mapper-extra-1.0.5.jar;E:\maven_repo\tk\mybatis\mapper-spring-boot-autoconfigure\2.0.4\mapper-spring-boot-autoconfigure-2.0.4.jar;E:\maven_repo\com\github\pagehelper\pagehelper-spring-boot-starter\1.2.5\pagehelper-spring-boot-starter-1.2.5.jar;E:\maven_repo\com\github\pagehelper\pagehelper-spring-boot-autoconfigure\1.2.5\pagehelper-spring-boot-autoconfigure-1.2.5.jar;E:\maven_repo\com\github\pagehelper\pagehelper\5.1.4\pagehelper-5.1.4.jar;E:\maven_repo\com\github\jsqlparser\jsqlparser\1.0\jsqlparser-1.0.jar;E:\maven_repo\commons-codec\commons-codec\1.11\commons-codec-1.11.jar;E:\maven_repo\org\apache\commons\commons-lang3\3.7\commons-lang3-3.7.jar;E:\maven_repo\commons-io\commons-io\1.3.2\commons-io-1.3.2.jar;E:\maven_repo\io\springfox\springfox-swagger2\2.8.0\springfox-swagger2-2.8.0.jar;E:\maven_repo\io\swagger\swagger-annotations\1.5.14\swagger-annotations-1.5.14.jar;E:\maven_repo\io\swagger\swagger-models\1.5.14\swagger-models-1.5.14.jar;E:\maven_repo\com\fasterxml\jackson\core\jackson-annotations\2.9.0\jackson-annotations-2.9.0.jar;E:\maven_repo\io\springfox\springfox-spi\2.8.0\springfox-spi-2.8.0.jar;E:\maven_repo\io\springfox\springfox-core\2.8.0\springfox-core-2.8.0.jar;E:\maven_repo\io\springfox\springfox-schema\2.8.0\springfox-schema-2.8.0.jar;E:\maven_repo\io\springfox\springfox-swagger-common\2.8.0\springfox-swagger-common-2.8.0.jar;E:\maven_repo\io\springfox\springfox-spring-web\2.8.0\springfox-spring-web-2.8.0.jar;E:\maven_repo\org\reflections\reflections\0.9.11\reflections-0.9.11.jar;E:\maven_repo\org\javassist\javassist\3.21.0-GA\javassist-3.21.0-GA.jar;E:\maven_repo\com\google\guava\guava\20.0\guava-20.0.jar;E:\maven_repo\com\fasterxml\classmate\1.3.4\classmate-1.3.4.jar;E:\maven_repo\org\springframework\plugin\spring-plugin-core\1.2.0.RELEASE\spring-plugin-core-1.2.0.RELEASE.jar;E:\maven_repo\org\springframework\plugin\spring-plugin-metadata\1.2.0.RELEASE\spring-plugin-metadata-1.2.0.RELEASE.jar;E:\maven_repo\org\mapstruct\mapstruct\1.2.0.Final\mapstruct-1.2.0.Final.jar;E:\maven_repo\io\springfox\springfox-swagger-ui\2.8.0\springfox-swagger-ui-2.8.0.jar;E:\maven_repo\org\springframework\boot\spring-boot-devtools\2.0.5.RELEASE\spring-boot-devtools-2.0.5.RELEASE.jar;E:\maven_repo\org\springframework\boot\spring-boot-starter-test\2.0.5.RELEASE\spring-boot-starter-test-2.0.5.RELEASE.jar;E:\maven_repo\org\springframework\boot\spring-boot-starter\2.0.5.RELEASE\spring-boot-starter-2.0.5.RELEASE.jar;E:\maven_repo\org\springframework\boot\spring-boot\2.0.5.RELEASE\spring-boot-2.0.5.RELEASE.jar;E:\maven_repo\org\springframework\spring-context\5.0.9.RELEASE\spring-context-5.0.9.RELEASE.jar;E:\maven_repo\org\springframework\spring-aop\5.0.9.RELEASE\spring-aop-5.0.9.RELEASE.jar;E:\maven_repo\org\springframework\spring-beans\5.0.9.RELEASE\spring-beans-5.0.9.RELEASE.jar;E:\maven_repo\org\springframework\spring-expression\5.0.9.RELEASE\spring-expression-5.0.9.RELEASE.jar;E:\maven_repo\org\springframework\boot\spring-boot-autoconfigure\2.0.5.RELEASE\spring-boot-autoconfigure-2.0.5.RELEASE.jar;E:\maven_repo\javax\annotation\javax.annotation-api\1.3.2\javax.annotation-api-1.3.2.jar;E:\maven_repo\org\yaml\snakeyaml\1.19\snakeyaml-1.19.jar;E:\maven_repo\org\springframework\boot\spring-boot-test\2.0.5.RELEASE\spring-boot-test-2.0.5.RELEASE.jar;E:\maven_repo\org\springframework\boot\spring-boot-test-autoconfigure\2.0.5.RELEASE\spring-boot-test-autoconfigure-2.0.5.RELEASE.jar;E:\maven_repo\com\jayway\jsonpath\json-path\2.4.0\json-path-2.4.0.jar;E:\maven_repo\net\minidev\json-smart\2.3\json-smart-2.3.jar;E:\maven_repo\net\minidev\accessors-smart\1.2\accessors-smart-1.2.jar;E:\maven_repo\org\ow2\asm\asm\5.0.4\asm-5.0.4.jar;E:\maven_repo\org\slf4j\slf4j-api\1.7.25\slf4j-api-1.7.25.jar;E:\maven_repo\junit\junit\4.12\junit-4.12.jar;E:\maven_repo\org\assertj\assertj-core\3.9.1\assertj-core-3.9.1.jar;E:\maven_repo\org\mockito\mockito-core\2.15.0\mockito-core-2.15.0.jar;E:\maven_repo\net\bytebuddy\byte-buddy\1.7.11\byte-buddy-1.7.11.jar;E:\maven_repo\net\bytebuddy\byte-buddy-agent\1.7.11\byte-buddy-agent-1.7.11.jar;E:\maven_repo\org\objenesis\objenesis\2.6\objenesis-2.6.jar;E:\maven_repo\org\hamcrest\hamcrest-core\1.3\hamcrest-core-1.3.jar;E:\maven_repo\org\hamcrest\hamcrest-library\1.3\hamcrest-library-1.3.jar;E:\maven_repo\org\skyscreamer\jsonassert\1.5.0\jsonassert-1.5.0.jar;E:\maven_repo\com\vaadin\external\google\android-json\0.0.20131108.vaadin1\android-json-0.0.20131108.vaadin1.jar;E:\maven_repo\org\springframework\spring-core\5.0.9.RELEASE\spring-core-5.0.9.RELEASE.jar;E:\maven_repo\org\springframework\spring-jcl\5.0.9.RELEASE\spring-jcl-5.0.9.RELEASE.jar;E:\maven_repo\org\springframework\spring-test\5.0.9.RELEASE\spring-test-5.0.9.RELEASE.jar;E:\maven_repo\org\xmlunit\xmlunit-core\2.5.1\xmlunit-core-2.5.1.jar;"/>
    <property name="java.vm.vendor" value="Oracle Corporation"/>
    <property name="sun.arch.data.model" value="64"/>
    <property name="user.variant" value=""/>
    <property name="java.vendor.url" value="http://java.oracle.com/"/>
    <property name="user.timezone" value=""/>
    <property name="java.vm.specification.version" value="1.8"/>
    <property name="os.name" value="Windows 10"/>
    <property name="user.country" value="CN"/>
    <property name="sun.java.launcher" value="SUN_STANDARD"/>
    <property name="sun.boot.library.path" value="F:\Java\jdk1.8.0_92\jre\bin"/>
    <property name="sun.java.command" value="C:\Users\lenovo\AppData\Local\Temp\surefire1497598523586309756\surefirebooter4222004683677367389.jar C:\Users\lenovo\AppData\Local\Temp\surefire1497598523586309756 2018-09-17T22-06-24_433-jvmRun1 surefire220636266443518437tmp surefire_0693341760531944669tmp"/>
    <property name="surefire.test.class.path" value="E:\wechat_app\short_video\short-video-back\short-video-root\short-video-root-mini-api\target\test-classes;E:\wechat_app\short_video\short-video-back\short-video-root\short-video-root-mini-api\target\classes;E:\wechat_app\short_video\short-video-back\short-video-root\short-video-root-service\target\short-video-root-service-0.0.1-SNAPSHOT.jar;E:\wechat_app\short_video\short-video-back\short-video-root\short-video-root-mapper\target\short-video-root-mapper-0.0.1-SNAPSHOT.jar;E:\wechat_app\short_video\short-video-back\short-video-root\short-video-root-pojo\target\short-video-root-pojo-0.0.1-SNAPSHOT.jar;E:\wechat_app\short_video\short-video-back\short-video-root\short-video-root-common\target\short-video-root-common-0.0.1-SNAPSHOT.jar;E:\maven_repo\org\springframework\boot\spring-boot-starter-log4j\1.3.8.RELEASE\spring-boot-starter-log4j-1.3.8.RELEASE.jar;E:\maven_repo\org\slf4j\jcl-over-slf4j\1.7.25\jcl-over-slf4j-1.7.25.jar;E:\maven_repo\org\slf4j\jul-to-slf4j\1.7.25\jul-to-slf4j-1.7.25.jar;E:\maven_repo\org\slf4j\slf4j-log4j12\1.7.25\slf4j-log4j12-1.7.25.jar;E:\maven_repo\log4j\log4j\1.2.17\log4j-1.2.17.jar;E:\maven_repo\org\springframework\boot\spring-boot-starter-aop\2.0.5.RELEASE\spring-boot-starter-aop-2.0.5.RELEASE.jar;E:\maven_repo\org\aspectj\aspectjweaver\1.8.13\aspectjweaver-1.8.13.jar;E:\maven_repo\org\springframework\boot\spring-boot-starter-web\2.0.5.RELEASE\spring-boot-starter-web-2.0.5.RELEASE.jar;E:\maven_repo\org\springframework\boot\spring-boot-starter-json\2.0.5.RELEASE\spring-boot-starter-json-2.0.5.RELEASE.jar;E:\maven_repo\com\fasterxml\jackson\core\jackson-databind\2.9.6\jackson-databind-2.9.6.jar;E:\maven_repo\com\fasterxml\jackson\core\jackson-core\2.9.6\jackson-core-2.9.6.jar;E:\maven_repo\com\fasterxml\jackson\datatype\jackson-datatype-jdk8\2.9.6\jackson-datatype-jdk8-2.9.6.jar;E:\maven_repo\com\fasterxml\jackson\datatype\jackson-datatype-jsr310\2.9.6\jackson-datatype-jsr310-2.9.6.jar;E:\maven_repo\com\fasterxml\jackson\module\jackson-module-parameter-names\2.9.6\jackson-module-parameter-names-2.9.6.jar;E:\maven_repo\org\springframework\boot\spring-boot-starter-tomcat\2.0.5.RELEASE\spring-boot-starter-tomcat-2.0.5.RELEASE.jar;E:\maven_repo\org\apache\tomcat\embed\tomcat-embed-core\8.5.34\tomcat-embed-core-8.5.34.jar;E:\maven_repo\org\apache\tomcat\embed\tomcat-embed-el\8.5.34\tomcat-embed-el-8.5.34.jar;E:\maven_repo\org\apache\tomcat\embed\tomcat-embed-websocket\8.5.34\tomcat-embed-websocket-8.5.34.jar;E:\maven_repo\org\hibernate\validator\hibernate-validator\6.0.12.Final\hibernate-validator-6.0.12.Final.jar;E:\maven_repo\javax\validation\validation-api\2.0.1.Final\validation-api-2.0.1.Final.jar;E:\maven_repo\org\jboss\logging\jboss-logging\3.3.2.Final\jboss-logging-3.3.2.Final.jar;E:\maven_repo\org\springframework\spring-web\5.0.9.RELEASE\spring-web-5.0.9.RELEASE.jar;E:\maven_repo\org\springframework\spring-webmvc\5.0.9.RELEASE\spring-webmvc-5.0.9.RELEASE.jar;E:\maven_repo\org\springframework\boot\spring-boot-starter-thymeleaf\2.0.5.RELEASE\spring-boot-starter-thymeleaf-2.0.5.RELEASE.jar;E:\maven_repo\org\thymeleaf\thymeleaf-spring5\3.0.9.RELEASE\thymeleaf-spring5-3.0.9.RELEASE.jar;E:\maven_repo\org\thymeleaf\thymeleaf\3.0.9.RELEASE\thymeleaf-3.0.9.RELEASE.jar;E:\maven_repo\org\attoparser\attoparser\2.0.4.RELEASE\attoparser-2.0.4.RELEASE.jar;E:\maven_repo\org\unbescape\unbescape\1.1.5.RELEASE\unbescape-1.1.5.RELEASE.jar;E:\maven_repo\org\thymeleaf\extras\thymeleaf-extras-java8time\3.0.1.RELEASE\thymeleaf-extras-java8time-3.0.1.RELEASE.jar;E:\maven_repo\com\alibaba\druid\1.1.10\druid-1.1.10.jar;E:\maven_repo\com\alibaba\druid-spring-boot-starter\1.1.10\druid-spring-boot-starter-1.1.10.jar;E:\maven_repo\mysql\mysql-connector-java\5.1.47\mysql-connector-java-5.1.47.jar;E:\maven_repo\org\mybatis\spring\boot\mybatis-spring-boot-starter\1.3.2\mybatis-spring-boot-starter-1.3.2.jar;E:\maven_repo\org\springframework\boot\spring-boot-starter-jdbc\2.0.5.RELEASE\spring-boot-starter-jdbc-2.0.5.RELEASE.jar;E:\maven_repo\com\zaxxer\HikariCP\2.7.9\HikariCP-2.7.9.jar;E:\maven_repo\org\springframework\spring-jdbc\5.0.9.RELEASE\spring-jdbc-5.0.9.RELEASE.jar;E:\maven_repo\org\springframework\spring-tx\5.0.9.RELEASE\spring-tx-5.0.9.RELEASE.jar;E:\maven_repo\org\mybatis\spring\boot\mybatis-spring-boot-autoconfigure\1.3.2\mybatis-spring-boot-autoconfigure-1.3.2.jar;E:\maven_repo\org\mybatis\mybatis\3.4.6\mybatis-3.4.6.jar;E:\maven_repo\org\mybatis\mybatis-spring\1.3.2\mybatis-spring-1.3.2.jar;E:\maven_repo\tk\mybatis\mapper-spring-boot-starter\2.0.4\mapper-spring-boot-starter-2.0.4.jar;E:\maven_repo\tk\mybatis\mapper-core\1.0.5\mapper-core-1.0.5.jar;E:\maven_repo\javax\persistence\persistence-api\1.0\persistence-api-1.0.jar;E:\maven_repo\tk\mybatis\mapper-base\1.0.5\mapper-base-1.0.5.jar;E:\maven_repo\tk\mybatis\mapper-weekend\1.1.4.1\mapper-weekend-1.1.4.1.jar;E:\maven_repo\tk\mybatis\mapper-spring\1.0.5\mapper-spring-1.0.5.jar;E:\maven_repo\tk\mybatis\mapper-extra\1.0.5\mapper-extra-1.0.5.jar;E:\maven_repo\tk\mybatis\mapper-spring-boot-autoconfigure\2.0.4\mapper-spring-boot-autoconfigure-2.0.4.jar;E:\maven_repo\com\github\pagehelper\pagehelper-spring-boot-starter\1.2.5\pagehelper-spring-boot-starter-1.2.5.jar;E:\maven_repo\com\github\pagehelper\pagehelper-spring-boot-autoconfigure\1.2.5\pagehelper-spring-boot-autoconfigure-1.2.5.jar;E:\maven_repo\com\github\pagehelper\pagehelper\5.1.4\pagehelper-5.1.4.jar;E:\maven_repo\com\github\jsqlparser\jsqlparser\1.0\jsqlparser-1.0.jar;E:\maven_repo\commons-codec\commons-codec\1.11\commons-codec-1.11.jar;E:\maven_repo\org\apache\commons\commons-lang3\3.7\commons-lang3-3.7.jar;E:\maven_repo\commons-io\commons-io\1.3.2\commons-io-1.3.2.jar;E:\maven_repo\io\springfox\springfox-swagger2\2.8.0\springfox-swagger2-2.8.0.jar;E:\maven_repo\io\swagger\swagger-annotations\1.5.14\swagger-annotations-1.5.14.jar;E:\maven_repo\io\swagger\swagger-models\1.5.14\swagger-models-1.5.14.jar;E:\maven_repo\com\fasterxml\jackson\core\jackson-annotations\2.9.0\jackson-annotations-2.9.0.jar;E:\maven_repo\io\springfox\springfox-spi\2.8.0\springfox-spi-2.8.0.jar;E:\maven_repo\io\springfox\springfox-core\2.8.0\springfox-core-2.8.0.jar;E:\maven_repo\io\springfox\springfox-schema\2.8.0\springfox-schema-2.8.0.jar;E:\maven_repo\io\springfox\springfox-swagger-common\2.8.0\springfox-swagger-common-2.8.0.jar;E:\maven_repo\io\springfox\springfox-spring-web\2.8.0\springfox-spring-web-2.8.0.jar;E:\maven_repo\org\reflections\reflections\0.9.11\reflections-0.9.11.jar;E:\maven_repo\org\javassist\javassist\3.21.0-GA\javassist-3.21.0-GA.jar;E:\maven_repo\com\google\guava\guava\20.0\guava-20.0.jar;E:\maven_repo\com\fasterxml\classmate\1.3.4\classmate-1.3.4.jar;E:\maven_repo\org\springframework\plugin\spring-plugin-core\1.2.0.RELEASE\spring-plugin-core-1.2.0.RELEASE.jar;E:\maven_repo\org\springframework\plugin\spring-plugin-metadata\1.2.0.RELEASE\spring-plugin-metadata-1.2.0.RELEASE.jar;E:\maven_repo\org\mapstruct\mapstruct\1.2.0.Final\mapstruct-1.2.0.Final.jar;E:\maven_repo\io\springfox\springfox-swagger-ui\2.8.0\springfox-swagger-ui-2.8.0.jar;E:\maven_repo\org\springframework\boot\spring-boot-devtools\2.0.5.RELEASE\spring-boot-devtools-2.0.5.RELEASE.jar;E:\maven_repo\org\springframework\boot\spring-boot-starter-test\2.0.5.RELEASE\spring-boot-starter-test-2.0.5.RELEASE.jar;E:\maven_repo\org\springframework\boot\spring-boot-starter\2.0.5.RELEASE\spring-boot-starter-2.0.5.RELEASE.jar;E:\maven_repo\org\springframework\boot\spring-boot\2.0.5.RELEASE\spring-boot-2.0.5.RELEASE.jar;E:\maven_repo\org\springframework\spring-context\5.0.9.RELEASE\spring-context-5.0.9.RELEASE.jar;E:\maven_repo\org\springframework\spring-aop\5.0.9.RELEASE\spring-aop-5.0.9.RELEASE.jar;E:\maven_repo\org\springframework\spring-beans\5.0.9.RELEASE\spring-beans-5.0.9.RELEASE.jar;E:\maven_repo\org\springframework\spring-expression\5.0.9.RELEASE\spring-expression-5.0.9.RELEASE.jar;E:\maven_repo\org\springframework\boot\spring-boot-autoconfigure\2.0.5.RELEASE\spring-boot-autoconfigure-2.0.5.RELEASE.jar;E:\maven_repo\javax\annotation\javax.annotation-api\1.3.2\javax.annotation-api-1.3.2.jar;E:\maven_repo\org\yaml\snakeyaml\1.19\snakeyaml-1.19.jar;E:\maven_repo\org\springframework\boot\spring-boot-test\2.0.5.RELEASE\spring-boot-test-2.0.5.RELEASE.jar;E:\maven_repo\org\springframework\boot\spring-boot-test-autoconfigure\2.0.5.RELEASE\spring-boot-test-autoconfigure-2.0.5.RELEASE.jar;E:\maven_repo\com\jayway\jsonpath\json-path\2.4.0\json-path-2.4.0.jar;E:\maven_repo\net\minidev\json-smart\2.3\json-smart-2.3.jar;E:\maven_repo\net\minidev\accessors-smart\1.2\accessors-smart-1.2.jar;E:\maven_repo\org\ow2\asm\asm\5.0.4\asm-5.0.4.jar;E:\maven_repo\org\slf4j\slf4j-api\1.7.25\slf4j-api-1.7.25.jar;E:\maven_repo\junit\junit\4.12\junit-4.12.jar;E:\maven_repo\org\assertj\assertj-core\3.9.1\assertj-core-3.9.1.jar;E:\maven_repo\org\mockito\mockito-core\2.15.0\mockito-core-2.15.0.jar;E:\maven_repo\net\bytebuddy\byte-buddy\1.7.11\byte-buddy-1.7.11.jar;E:\maven_repo\net\bytebuddy\byte-buddy-agent\1.7.11\byte-buddy-agent-1.7.11.jar;E:\maven_repo\org\objenesis\objenesis\2.6\objenesis-2.6.jar;E:\maven_repo\org\hamcrest\hamcrest-core\1.3\hamcrest-core-1.3.jar;E:\maven_repo\org\hamcrest\hamcrest-library\1.3\hamcrest-library-1.3.jar;E:\maven_repo\org\skyscreamer\jsonassert\1.5.0\jsonassert-1.5.0.jar;E:\maven_repo\com\vaadin\external\google\android-json\0.0.20131108.vaadin1\android-json-0.0.20131108.vaadin1.jar;E:\maven_repo\org\springframework\spring-core\5.0.9.RELEASE\spring-core-5.0.9.RELEASE.jar;E:\maven_repo\org\springframework\spring-jcl\5.0.9.RELEASE\spring-jcl-5.0.9.RELEASE.jar;E:\maven_repo\org\springframework\spring-test\5.0.9.RELEASE\spring-test-5.0.9.RELEASE.jar;E:\maven_repo\org\xmlunit\xmlunit-core\2.5.1\xmlunit-core-2.5.1.jar;"/>
    <property name="sun.cpu.endian" value="little"/>
    <property name="user.home" value="C:\Users\lenovo"/>
    <property name="user.language" value="zh"/>
    <property name="java.specification.vendor" value="Oracle Corporation"/>
    <property name="java.home" value="F:\Java\jdk1.8.0_92\jre"/>
    <property name="basedir" value="E:\wechat_app\short_video\short-video-back\short-video-root\short-video-root-mini-api"/>
    <property name="file.separator" value="\"/>
    <property name="line.separator" value="&#10;"/>
    <property name="java.vm.specification.vendor" value="Oracle Corporation"/>
    <property name="java.specification.name" value="Java Platform API Specification"/>
    <property name="java.awt.graphicsenv" value="sun.awt.Win32GraphicsEnvironment"/>
    <property name="surefire.real.class.path" value="C:\Users\lenovo\AppData\Local\Temp\surefire1497598523586309756\surefirebooter4222004683677367389.jar"/>
    <property name="sun.boot.class.path" value="F:\Java\jdk1.8.0_92\jre\lib\resources.jar;F:\Java\jdk1.8.0_92\jre\lib\rt.jar;F:\Java\jdk1.8.0_92\jre\lib\sunrsasign.jar;F:\Java\jdk1.8.0_92\jre\lib\jsse.jar;F:\Java\jdk1.8.0_92\jre\lib\jce.jar;F:\Java\jdk1.8.0_92\jre\lib\charsets.jar;F:\Java\jdk1.8.0_92\jre\lib\jfr.jar;F:\Java\jdk1.8.0_92\jre\classes"/>
    <property name="user.script" value=""/>
    <property name="sun.management.compiler" value="HotSpot 64-Bit Tiered Compilers"/>
    <property name="java.runtime.version" value="1.8.0_92-b14"/>
    <property name="user.name" value="lenovo"/>
    <property name="path.separator" value=";"/>
    <property name="os.version" value="10.0"/>
    <property name="java.endorsed.dirs" value="F:\Java\jdk1.8.0_92\jre\lib\endorsed"/>
    <property name="java.runtime.name" value="Java(TM) SE Runtime Environment"/>
    <property name="file.encoding" value="GBK"/>
    <property name="java.vm.name" value="Java HotSpot(TM) 64-Bit Server VM"/>
    <property name="localRepository" value="E:\maven_repo"/>
    <property name="java.vendor.url.bug" value="http://bugreport.sun.com/bugreport/"/>
    <property name="java.io.tmpdir" value="C:\Users\lenovo\AppData\Local\Temp\"/>
    <property name="idea.version" value="2018.2.3"/>
    <property name="java.version" value="1.8.0_92"/>
    <property name="user.dir" value="E:\wechat_app\short_video\short-video-back\short-video-root\short-video-root-mini-api"/>
    <property name="os.arch" value="amd64"/>
    <property name="java.vm.specification.name" value="Java Virtual Machine Specification"/>
    <property name="java.awt.printerjob" value="sun.awt.windows.WPrinterJob"/>
    <property name="sun.os.patch.level" value=""/>
    <property name="java.library.path" value="F:\Java\jdk1.8.0_92\jre\bin;C:\WINDOWS\Sun\Java\bin;C:\WINDOWS\system32;C:\WINDOWS;F:\Java\jdk1.8.0_92\bin;C:\ProgramData\Oracle\Java\javapath;C:\Program Files (x86)\Intel\iCLS Client\;C:\Program Files\Intel\iCLS Client\;C:\WINDOWS\system32;C:\WINDOWS;C:\WINDOWS\System32\Wbem;C:\WINDOWS\System32\WindowsPowerShell\v1.0\;C:\Program Files (x86)\ATI Technologies\ATI.ACE\Core-Static;C:\Program Files\Intel\Intel(R) Management Engine Components\DAL;C:\Program Files (x86)\Intel\Intel(R) Management Engine Components\DAL;C:\Program Files\Intel\Intel(R) Management Engine Components\IPT;C:\Program Files (x86)\Intel\Intel(R) Management Engine Components\IPT;C:\Program Files\MySQL\MySQL Server 5.5\bin;C:\WINDOWS\system32\config\systemprofile\.dnx\bin;C:\Program Files\Microsoft DNX\Dnvm\;C:\Program Files (x86)\Windows Kits\8.1\Windows Performance Toolkit\;F:\Delphi7.0\Delphi7_Ent\bin;F:\Delphi7.0\Delphi7_Ent\Projects\bpl;F:\Git\Git\cmd;C:\WINDOWS\System32\OpenSSH\;C:\Users\lenovo\AppData\Local\Microsoft\WindowsApps;;."/>
    <property name="java.vm.info" value="mixed mode"/>
    <property name="java.vendor" value="Oracle Corporation"/>
    <property name="java.vm.version" value="25.92-b14"/>
    <property name="java.ext.dirs" value="F:\Java\jdk1.8.0_92\jre\lib\ext;C:\WINDOWS\Sun\Java\lib\ext"/>
    <property name="sun.io.unicode.encoding" value="UnicodeLittle"/>
    <property name="java.class.version" value="52.0"/>
  </properties>
  <testcase name="testRegist" classname="com.yuhangTao.TestRegistLoginController" time="0.721">
    <failure message="Status expected:&lt;200&gt; but was:&lt;404&gt;" type="java.lang.AssertionError"><![CDATA[java.lang.AssertionError: Status expected:<200> but was:<404>
	at com.yuhangTao.TestRegistLoginController.testRegist(TestRegistLoginController.java:45)
]]></failure>
    <system-out><![CDATA[2018-09-17 22:06:57,713 [main] [org.springframework.test.context.support.AbstractTestContextBootstrapper.buildDefaultMergedContextConfiguration(AbstractTestContextBootstrapper.java:308)] - [INFO] Neither @ContextConfiguration nor @ContextHierarchy found for test class [com.yuhangTao.TestRegistLoginController], using SpringBootContextLoader
2018-09-17 22:06:57,747 [main] [org.springframework.test.context.support.AbstractContextLoader.generateDefaultLocations(AbstractContextLoader.java:264)] - [INFO] Could not detect default resource locations for test class [com.yuhangTao.TestRegistLoginController]: no resource found for suffixes {-context.xml, Context.groovy}.
2018-09-17 22:06:57,750 [main] [org.springframework.test.context.support.AnnotationConfigContextLoaderUtils.detectDefaultConfigurationClasses(AnnotationConfigContextLoaderUtils.java:83)] - [INFO] Could not detect default configuration classes for test class [com.yuhangTao.TestRegistLoginController]: TestRegistLoginController does not declare any static, non-private, non-final, nested classes annotated with @Configuration.
2018-09-17 22:06:59,241 [main] [org.springframework.boot.test.context.SpringBootTestContextBootstrapper.getOrFindConfigurationClasses(SpringBootTestContextBootstrapper.java:247)] - [INFO] Found @SpringBootConfiguration com.yuhangTao.Application for test class com.yuhangTao.TestRegistLoginController
2018-09-17 22:06:59,684 [main] [org.springframework.test.context.support.AbstractTestContextBootstrapper.getDefaultTestExecutionListenerClassNames(AbstractTestContextBootstrapper.java:248)] - [INFO] Loaded default TestExecutionListener class names from location [META-INF/spring.factories]: [org.springframework.boot.test.mock.mockito.MockitoTestExecutionListener, org.springframework.boot.test.mock.mockito.ResetMocksTestExecutionListener, org.springframework.boot.test.autoconfigure.restdocs.RestDocsTestExecutionListener, org.springframework.boot.test.autoconfigure.web.client.MockRestServiceServerResetTestExecutionListener, org.springframework.boot.test.autoconfigure.web.servlet.MockMvcPrintOnlyOnFailureTestExecutionListener, org.springframework.boot.test.autoconfigure.web.servlet.WebDriverTestExecutionListener, org.springframework.test.context.web.ServletTestExecutionListener, org.springframework.test.context.support.DirtiesContextBeforeModesTestExecutionListener, org.springframework.test.context.support.DependencyInjectionTestExecutionListener, org.springframework.test.context.support.DirtiesContextTestExecutionListener, org.springframework.test.context.transaction.TransactionalTestExecutionListener, org.springframework.test.context.jdbc.SqlScriptsTestExecutionListener]
2018-09-17 22:06:59,818 [main] [org.springframework.test.context.support.AbstractTestContextBootstrapper.getTestExecutionListeners(AbstractTestContextBootstrapper.java:177)] - [INFO] Using TestExecutionListeners: [org.springframework.test.context.web.ServletTestExecutionListener@477b4cdf, org.springframework.test.context.support.DirtiesContextBeforeModesTestExecutionListener@77c2494c, org.springframework.boot.test.mock.mockito.MockitoTestExecutionListener@f5958c9, org.springframework.boot.test.autoconfigure.SpringBootDependencyInjectionTestExecutionListener@233795b6, org.springframework.test.context.support.DirtiesContextTestExecutionListener@3eb738bb, org.springframework.test.context.transaction.TransactionalTestExecutionListener@5bda8e08, org.springframework.test.context.jdbc.SqlScriptsTestExecutionListener@1e800aaa, org.springframework.boot.test.mock.mockito.ResetMocksTestExecutionListener@185a6e9, org.springframework.boot.test.autoconfigure.restdocs.RestDocsTestExecutionListener@6f03482, org.springframework.boot.test.autoconfigure.web.client.MockRestServiceServerResetTestExecutionListener@9d5509a, org.springframework.boot.test.autoconfigure.web.servlet.MockMvcPrintOnlyOnFailureTestExecutionListener@179ece50, org.springframework.boot.test.autoconfigure.web.servlet.WebDriverTestExecutionListener@3b0090a4]
2018-09-17 22:07:00,971 [background-preinit] [org.hibernate.validator.internal.util.Version.<clinit>(Version.java:21)] - [INFO] HV000001: Hibernate Validator 6.0.12.Final

  .   ____          _            __ _ _
 /\\ / ___'_ __ _ _(_)_ __  __ _ \ \ \ \
( ( )\___ | '_ | '_| | '_ \/ _` | \ \ \ \
 \\/  ___)| |_)| | | | | || (_| |  ) ) ) )
  '  |____| .__|_| |_|_| |_\__, | / / / /
 =========|_|==============|___/=/_/_/_/
 :: Spring Boot ::        (v2.0.5.RELEASE)

2018-09-17 22:07:02,790 [main] [org.springframework.boot.StartupInfoLogger.logStarting(StartupInfoLogger.java:50)] - [INFO] Starting TestRegistLoginController on Lenovo-PC with PID 6408 (started by lenovo in E:\wechat_app\short_video\short-video-back\short-video-root\short-video-root-mini-api)
2018-09-17 22:07:02,793 [main] [org.springframework.boot.SpringApplication.logStartupProfileInfo(SpringApplication.java:680)] - [INFO] No active profile set, falling back to default profiles: default
2018-09-17 22:07:03,032 [main] [org.springframework.context.support.AbstractApplicationContext.prepareRefresh(AbstractApplicationContext.java:590)] - [INFO] Refreshing org.springframework.web.context.support.GenericWebApplicationContext@782859e: startup date [Mon Sep 17 22:07:03 CST 2018]; root of context hierarchy
2018-09-17 22:07:11,884 [main] [tk.mybatis.spring.mapper.ClassPathMapperScanner.doScan(ClassPathMapperScanner.java:142)] - [WARN] No MyBatis mapper was found in '[com.yuhangTao]' package. Please check your configuration.
2018-09-17 22:07:11,937 [main] [org.mybatis.spring.mapper.ClassPathMapperScanner.doScan(ClassPathMapperScanner.java:166)] - [WARN] No MyBatis mapper was found in '[com.yuhangTao]' package. Please check your configuration.
2018-09-17 22:07:14,008 [main] [org.springframework.context.support.PostProcessorRegistrationDelegate$BeanPostProcessorChecker.postProcessAfterInitialization(PostProcessorRegistrationDelegate.java:326)] - [INFO] Bean 'org.springframework.transaction.annotation.ProxyTransactionManagementConfiguration' of type [org.springframework.transaction.annotation.ProxyTransactionManagementConfiguration$$EnhancerBySpringCGLIB$$f33a85fb] is not eligible for getting processed by all BeanPostProcessors (for example: not eligible for auto-proxying)
2018-09-17 22:07:14,835 [main] [com.alibaba.druid.spring.boot.autoconfigure.DruidDataSourceAutoConfigure.dataSource(DruidDataSourceAutoConfigure.java:56)] - [INFO] Init DruidDataSource
2018-09-17 22:07:17,210 [main] [com.alibaba.druid.pool.DruidDataSource.init(DruidDataSource.java:930)] - [INFO] {dataSource-1} inited
2018-09-17 22:07:21,623 [main] [org.springframework.web.servlet.handler.AbstractHandlerMethodMapping$MappingRegistry.register(AbstractHandlerMethodMapping.java:549)] - [INFO] Mapped "{[/login],methods=[POST]}" onto public com.yuhangTao.utilsl.IMoocJSONResult com.yuhangTao.controller.RegistLoginController.login(com.yuhangTao.pojo.Users)
2018-09-17 22:07:21,627 [main] [org.springframework.web.servlet.handler.AbstractHandlerMethodMapping$MappingRegistry.register(AbstractHandlerMethodMapping.java:549)] - [INFO] Mapped "{[/regist],methods=[POST]}" onto public com.yuhangTao.utilsl.IMoocJSONResult com.yuhangTao.controller.RegistLoginController.regist(com.yuhangTao.pojo.Users)
2018-09-17 22:07:21,658 [main] [org.springframework.web.servlet.handler.AbstractHandlerMethodMapping$MappingRegistry.register(AbstractHandlerMethodMapping.java:549)] - [INFO] Mapped "{[/swagger-resources/configuration/security]}" onto public org.springframework.http.ResponseEntity<springfox.documentation.swagger.web.SecurityConfiguration> springfox.documentation.swagger.web.ApiResourceController.securityConfiguration()
2018-09-17 22:07:21,661 [main] [org.springframework.web.servlet.handler.AbstractHandlerMethodMapping$MappingRegistry.register(AbstractHandlerMethodMapping.java:549)] - [INFO] Mapped "{[/swagger-resources]}" onto public org.springframework.http.ResponseEntity<java.util.List<springfox.documentation.swagger.web.SwaggerResource>> springfox.documentation.swagger.web.ApiResourceController.swaggerResources()
2018-09-17 22:07:21,662 [main] [org.springframework.web.servlet.handler.AbstractHandlerMethodMapping$MappingRegistry.register(AbstractHandlerMethodMapping.java:549)] - [INFO] Mapped "{[/swagger-resources/configuration/ui]}" onto public org.springframework.http.ResponseEntity<springfox.documentation.swagger.web.UiConfiguration> springfox.documentation.swagger.web.ApiResourceController.uiConfiguration()
2018-09-17 22:07:21,673 [main] [org.springframework.web.servlet.handler.AbstractHandlerMethodMapping$MappingRegistry.register(AbstractHandlerMethodMapping.java:549)] - [INFO] Mapped "{[/error]}" onto public org.springframework.http.ResponseEntity<java.util.Map<java.lang.String, java.lang.Object>> org.springframework.boot.autoconfigure.web.servlet.error.BasicErrorController.error(javax.servlet.http.HttpServletRequest)
2018-09-17 22:07:21,675 [main] [org.springframework.web.servlet.handler.AbstractHandlerMethodMapping$MappingRegistry.register(AbstractHandlerMethodMapping.java:549)] - [INFO] Mapped "{[/error],produces=[text/html]}" onto public org.springframework.web.servlet.ModelAndView org.springframework.boot.autoconfigure.web.servlet.error.BasicErrorController.errorHtml(javax.servlet.http.HttpServletRequest,javax.servlet.http.HttpServletResponse)
2018-09-17 22:07:22,394 [main] [springfox.documentation.spring.web.PropertySourcedRequestMappingHandlerMapping.initHandlerMethods(PropertySourcedRequestMappingHandlerMapping.java:69)] - [INFO] Mapped URL path [/v2/api-docs] onto method [public org.springframework.http.ResponseEntity<springfox.documentation.spring.web.json.Json> springfox.documentation.swagger2.web.Swagger2Controller.getDocumentation(java.lang.String,javax.servlet.http.HttpServletRequest)]
2018-09-17 22:07:24,650 [main] [org.springframework.web.servlet.handler.AbstractUrlHandlerMapping.registerHandler(AbstractUrlHandlerMapping.java:373)] - [INFO] Mapped URL path [/**/favicon.ico] onto handler of type [class org.springframework.web.servlet.resource.ResourceHttpRequestHandler]
2018-09-17 22:07:25,525 [main] [org.springframework.web.servlet.mvc.method.annotation.RequestMappingHandlerAdapter.initControllerAdviceCache(RequestMappingHandlerAdapter.java:588)] - [INFO] Looking for @ControllerAdvice: org.springframework.web.context.support.GenericWebApplicationContext@782859e: startup date [Mon Sep 17 22:07:03 CST 2018]; root of context hierarchy
2018-09-17 22:07:25,815 [main] [org.springframework.web.servlet.handler.AbstractUrlHandlerMapping.registerHandler(AbstractUrlHandlerMapping.java:373)] - [INFO] Mapped URL path [/webjars/**] onto handler of type [class org.springframework.web.servlet.resource.ResourceHttpRequestHandler]
2018-09-17 22:07:25,816 [main] [org.springframework.web.servlet.handler.AbstractUrlHandlerMapping.registerHandler(AbstractUrlHandlerMapping.java:373)] - [INFO] Mapped URL path [/**] onto handler of type [class org.springframework.web.servlet.resource.ResourceHttpRequestHandler]
2018-09-17 22:07:25,995 [main] [org.springframework.boot.autoconfigure.thymeleaf.ThymeleafAutoConfiguration$DefaultTemplateResolverConfiguration.checkTemplateLocationExists(ThymeleafAutoConfiguration.java:104)] - [WARN] Cannot find template location: classpath:/templates/ (please add some templates or check your Thymeleaf configuration)
2018-09-17 22:07:26,670 [main] [tk.mybatis.mapper.autoconfigure.MapperCacheDisabler.removeStaticCache(MapperCacheDisabler.java:60)] - [INFO] Clear tk.mybatis.mapper.util.MsUtil CLASS_CACHE cache.
2018-09-17 22:07:26,672 [main] [tk.mybatis.mapper.autoconfigure.MapperCacheDisabler.removeStaticCache(MapperCacheDisabler.java:60)] - [INFO] Clear tk.mybatis.mapper.genid.GenIdUtil CACHE cache.
2018-09-17 22:07:26,674 [main] [tk.mybatis.mapper.autoconfigure.MapperCacheDisabler.removeStaticCache(MapperCacheDisabler.java:60)] - [INFO] Clear tk.mybatis.mapper.version.VersionUtil CACHE cache.
2018-09-17 22:07:26,675 [main] [tk.mybatis.mapper.autoconfigure.MapperCacheDisabler.removeEntityHelperCache(MapperCacheDisabler.java:83)] - [INFO] Clear EntityHelper entityTableMap cache.
2018-09-17 22:07:27,695 [main] [org.springframework.context.support.DefaultLifecycleProcessor$LifecycleGroup.start(DefaultLifecycleProcessor.java:356)] - [INFO] Starting beans in phase 2147483647
2018-09-17 22:07:27,697 [main] [springfox.documentation.spring.web.plugins.DocumentationPluginsBootstrapper.start(DocumentationPluginsBootstrapper.java:151)] - [INFO] Context refreshed
2018-09-17 22:07:28,183 [main] [springfox.documentation.spring.web.plugins.DocumentationPluginsBootstrapper.start(DocumentationPluginsBootstrapper.java:154)] - [INFO] Found 1 custom documentation plugin(s)
2018-09-17 22:07:28,416 [main] [springfox.documentation.spring.web.scanners.ApiListingReferenceScanner.scan(ApiListingReferenceScanner.java:41)] - [INFO] Scanning for api listing references
2018-09-17 22:07:29,478 [main] [org.springframework.boot.StartupInfoLogger.logStarted(StartupInfoLogger.java:59)] - [INFO] Started TestRegistLoginController in 28.902 seconds (JVM running for 36.325)
2018-09-17 22:07:30,082 [main] [org.springframework.web.servlet.handler.AbstractHandlerMethodMapping$MappingRegistry.register(AbstractHandlerMethodMapping.java:549)] - [INFO] Mapped "{[/login],methods=[POST]}" onto public com.yuhangTao.utilsl.IMoocJSONResult com.yuhangTao.controller.RegistLoginController.login(com.yuhangTao.pojo.Users)
2018-09-17 22:07:30,105 [main] [org.springframework.web.servlet.handler.AbstractHandlerMethodMapping$MappingRegistry.register(AbstractHandlerMethodMapping.java:549)] - [INFO] Mapped "{[/regist],methods=[POST]}" onto public com.yuhangTao.utilsl.IMoocJSONResult com.yuhangTao.controller.RegistLoginController.regist(com.yuhangTao.pojo.Users)
2018-09-17 22:07:30,142 [main] [org.springframework.web.servlet.mvc.method.annotation.RequestMappingHandlerAdapter.initControllerAdviceCache(RequestMappingHandlerAdapter.java:588)] - [INFO] Looking for @ControllerAdvice: org.springframework.test.web.servlet.setup.StubWebApplicationContext@58feb6b0
2018-09-17 22:07:30,162 [main] [org.springframework.mock.web.MockServletContext.log(MockServletContext.java:438)] - [INFO] Initializing Spring FrameworkServlet ''
2018-09-17 22:07:30,163 [main] [org.springframework.web.servlet.FrameworkServlet.initServletBean(FrameworkServlet.java:494)] - [INFO] FrameworkServlet '': initialization started
2018-09-17 22:07:30,164 [main] [org.springframework.web.servlet.FrameworkServlet.initServletBean(FrameworkServlet.java:509)] - [INFO] FrameworkServlet '': initialization completed in 1 ms
2018-09-17 22:07:30,236 [main] [org.springframework.web.servlet.DispatcherServlet.noHandlerFound(DispatcherServlet.java:1205)] - [WARN] No mapping found for HTTP request with URI [/short_video/regist] in DispatcherServlet with name ''
]]></system-out>
  </testcase>
</testsuite>