<?xml version="1.0" encoding="UTF-8"?>
<testsuite xmlns:xsi="http://www.w3.org/2001/XMLSchema-instance" xsi:noNamespaceSchemaLocation="https://maven.apache.org/surefire/maven-surefire-plugin/xsd/surefire-test-report.xsd" name="com.yuhangTao.TestRegistLoginController" time="0.015" tests="0" errors="0" skipped="0" failures="0">
  <properties>
    <property name="sun.desktop" value="windows"/>
    <property name="awt.toolkit" value="sun.awt.windows.WToolkit"/>
    <property name="file.encoding.pkg" value="sun.io"/>
    <property name="java.specification.version" value="1.8"/>
    <property name="sun.cpu.isalist" value="amd64"/>
    <property name="sun.jnu.encoding" value="GBK"/>
    <property name="java.class.path" value="E:\wechat_app\short_video\short-video-back\short-video-root\short-video-root-mini-api\target\test-classes;E:\wechat_app\short_video\short-video-back\short-video-root\short-video-root-mini-api\target\classes;E:\wechat_app\short_video\short-video-back\short-video-root\short-video-root-service\target\short-video-root-service-0.0.1-SNAPSHOT.jar;E:\wechat_app\short_video\short-video-back\short-video-root\short-video-root-mapper\target\short-video-root-mapper-0.0.1-SNAPSHOT.jar;E:\wechat_app\short_video\short-video-back\short-video-root\short-video-root-pojo\target\short-video-root-pojo-0.0.1-SNAPSHOT.jar;E:\wechat_app\short_video\short-video-back\short-video-root\short-video-root-common\target\short-video-root-common-0.0.1-SNAPSHOT.jar;E:\maven_repo\org\springframework\boot\spring-boot-starter\2.0.5.RELEASE\spring-boot-starter-2.0.5.RELEASE.jar;E:\maven_repo\org\springframework\boot\spring-boot\2.0.5.RELEASE\spring-boot-2.0.5.RELEASE.jar;E:\maven_repo\org\springframework\spring-context\5.0.9.RELEASE\spring-context-5.0.9.RELEASE.jar;E:\maven_repo\org\springframework\boot\spring-boot-autoconfigure\2.0.5.RELEASE\spring-boot-autoconfigure-2.0.5.RELEASE.jar;E:\maven_repo\javax\annotation\javax.annotation-api\1.3.2\javax.annotation-api-1.3.2.jar;E:\maven_repo\org\springframework\spring-core\5.0.9.RELEASE\spring-core-5.0.9.RELEASE.jar;E:\maven_repo\org\springframework\spring-jcl\5.0.9.RELEASE\spring-jcl-5.0.9.RELEASE.jar;E:\maven_repo\org\yaml\snakeyaml\1.19\snakeyaml-1.19.jar;E:\maven_repo\org\springframework\boot\spring-boot-starter-log4j\1.3.8.RELEASE\spring-boot-starter-log4j-1.3.8.RELEASE.jar;E:\maven_repo\org\slf4j\jcl-over-slf4j\1.7.25\jcl-over-slf4j-1.7.25.jar;E:\maven_repo\org\slf4j\jul-to-slf4j\1.7.25\jul-to-slf4j-1.7.25.jar;E:\maven_repo\org\slf4j\slf4j-log4j12\1.7.25\slf4j-log4j12-1.7.25.jar;E:\maven_repo\log4j\log4j\1.2.17\log4j-1.2.17.jar;E:\maven_repo\org\springframework\boot\spring-boot-starter-aop\2.0.5.RELEASE\spring-boot-starter-aop-2.0.5.RELEASE.jar;E:\maven_repo\org\springframework\spring-aop\5.0.9.RELEASE\spring-aop-5.0.9.RELEASE.jar;E:\maven_repo\org\springframework\spring-beans\5.0.9.RELEASE\spring-beans-5.0.9.RELEASE.jar;E:\maven_repo\org\aspectj\aspectjweaver\1.8.13\aspectjweaver-1.8.13.jar;E:\maven_repo\org\springframework\boot\spring-boot-starter-web\2.0.5.RELEASE\spring-boot-starter-web-2.0.5.RELEASE.jar;E:\maven_repo\org\springframework\boot\spring-boot-starter-json\2.0.5.RELEASE\spring-boot-starter-json-2.0.5.RELEASE.jar;E:\maven_repo\com\fasterxml\jackson\core\jackson-databind\2.9.6\jackson-databind-2.9.6.jar;E:\maven_repo\com\fasterxml\jackson\core\jackson-core\2.9.6\jackson-core-2.9.6.jar;E:\maven_repo\com\fasterxml\jackson\datatype\jackson-datatype-jdk8\2.9.6\jackson-datatype-jdk8-2.9.6.jar;E:\maven_repo\com\fasterxml\jackson\datatype\jackson-datatype-jsr310\2.9.6\jackson-datatype-jsr310-2.9.6.jar;E:\maven_repo\com\fasterxml\jackson\module\jackson-module-parameter-names\2.9.6\jackson-module-parameter-names-2.9.6.jar;E:\maven_repo\org\springframework\boot\spring-boot-starter-tomcat\2.0.5.RELEASE\spring-boot-starter-tomcat-2.0.5.RELEASE.jar;E:\maven_repo\org\apache\tomcat\embed\tomcat-embed-core\8.5.34\tomcat-embed-core-8.5.34.jar;E:\maven_repo\org\apache\tomcat\embed\tomcat-embed-el\8.5.34\tomcat-embed-el-8.5.34.jar;E:\maven_repo\org\apache\tomcat\embed\tomcat-embed-websocket\8.5.34\tomcat-embed-websocket-8.5.34.jar;E:\maven_repo\org\hibernate\validator\hibernate-validator\6.0.12.Final\hibernate-validator-6.0.12.Final.jar;E:\maven_repo\javax\validation\validation-api\2.0.1.Final\validation-api-2.0.1.Final.jar;E:\maven_repo\org\jboss\logging\jboss-logging\3.3.2.Final\jboss-logging-3.3.2.Final.jar;E:\maven_repo\org\springframework\spring-web\5.0.9.RELEASE\spring-web-5.0.9.RELEASE.jar;E:\maven_repo\org\springframework\spring-webmvc\5.0.9.RELEASE\spring-webmvc-5.0.9.RELEASE.jar;E:\maven_repo\org\springframework\spring-expression\5.0.9.RELEASE\spring-expression-5.0.9.RELEASE.jar;E:\maven_repo\org\springframework\boot\spring-boot-starter-thymeleaf\2.0.5.RELEASE\spring-boot-starter-thymeleaf-2.0.5.RELEASE.jar;E:\maven_repo\org\thymeleaf\thymeleaf-spring5\3.0.9.RELEASE\thymeleaf-spring5-3.0.9.RELEASE.jar;E:\maven_repo\org\thymeleaf\thymeleaf\3.0.9.RELEASE\thymeleaf-3.0.9.RELEASE.jar;E:\maven_repo\org\attoparser\attoparser\2.0.4.RELEASE\attoparser-2.0.4.RELEASE.jar;E:\maven_repo\org\unbescape\unbescape\1.1.5.RELEASE\unbescape-1.1.5.RELEASE.jar;E:\maven_repo\org\thymeleaf\extras\thymeleaf-extras-java8time\3.0.1.RELEASE\thymeleaf-extras-java8time-3.0.1.RELEASE.jar;E:\maven_repo\com\alibaba\druid\1.1.10\druid-1.1.10.jar;E:\maven_repo\com\alibaba\druid-spring-boot-starter\1.1.10\druid-spring-boot-starter-1.1.10.jar;E:\maven_repo\org\slf4j\slf4j-api\1.7.25\slf4j-api-1.7.25.jar;E:\maven_repo\mysql\mysql-connector-java\5.1.47\mysql-connector-java-5.1.47.jar;E:\maven_repo\org\mybatis\spring\boot\mybatis-spring-boot-starter\1.3.2\mybatis-spring-boot-starter-1.3.2.jar;E:\maven_repo\org\springframework\boot\spring-boot-starter-jdbc\2.0.5.RELEASE\spring-boot-starter-jdbc-2.0.5.RELEASE.jar;E:\maven_repo\com\zaxxer\HikariCP\2.7.9\HikariCP-2.7.9.jar;E:\maven_repo\org\springframework\spring-jdbc\5.0.9.RELEASE\spring-jdbc-5.0.9.RELEASE.jar;E:\maven_repo\org\springframework\spring-tx\5.0.9.RELEASE\spring-tx-5.0.9.RELEASE.jar;E:\maven_repo\org\mybatis\spring\boot\mybatis-spring-boot-autoconfigure\1.3.2\mybatis-spring-boot-autoconfigure-1.3.2.jar;E:\maven_repo\org\mybatis\mybatis\3.4.6\mybatis-3.4.6.jar;E:\maven_repo\org\mybatis\mybatis-spring\1.3.2\mybatis-spring-1.3.2.jar;E:\maven_repo\tk\mybatis\mapper-spring-boot-starter\2.0.4\mapper-spring-boot-starter-2.0.4.jar;E:\maven_repo\tk\mybatis\mapper-core\1.0.5\mapper-core-1.0.5.jar;E:\maven_repo\javax\persistence\persistence-api\1.0\persistence-api-1.0.jar;E:\maven_repo\tk\mybatis\mapper-base\1.0.5\mapper-base-1.0.5.jar;E:\maven_repo\tk\mybatis\mapper-weekend\1.1.4.1\mapper-weekend-1.1.4.1.jar;E:\maven_repo\tk\mybatis\mapper-spring\1.0.5\mapper-spring-1.0.5.jar;E:\maven_repo\tk\mybatis\mapper-extra\1.0.5\mapper-extra-1.0.5.jar;E:\maven_repo\tk\mybatis\mapper-spring-boot-autoconfigure\2.0.4\mapper-spring-boot-autoconfigure-2.0.4.jar;E:\maven_repo\com\github\pagehelper\pagehelper-spring-boot-starter\1.2.5\pagehelper-spring-boot-starter-1.2.5.jar;E:\maven_repo\com\github\pagehelper\pagehelper-spring-boot-autoconfigure\1.2.5\pagehelper-spring-boot-autoconfigure-1.2.5.jar;E:\maven_repo\com\github\pagehelper\pagehelper\5.1.4\pagehelper-5.1.4.jar;E:\maven_repo\com\github\jsqlparser\jsqlparser\1.0\jsqlparser-1.0.jar;E:\maven_repo\commons-codec\commons-codec\1.11\commons-codec-1.11.jar;E:\maven_repo\org\apache\commons\commons-lang3\3.7\commons-lang3-3.7.jar;E:\maven_repo\commons-io\commons-io\1.3.2\commons-io-1.3.2.jar;E:\maven_repo\io\springfox\springfox-swagger2\2.8.0\springfox-swagger2-2.8.0.jar;E:\maven_repo\io\swagger\swagger-annotations\1.5.14\swagger-annotations-1.5.14.jar;E:\maven_repo\io\swagger\swagger-models\1.5.14\swagger-models-1.5.14.jar;E:\maven_repo\com\fasterxml\jackson\core\jackson-annotations\2.9.0\jackson-annotations-2.9.0.jar;E:\maven_repo\io\springfox\springfox-spi\2.8.0\springfox-spi-2.8.0.jar;E:\maven_repo\io\springfox\springfox-core\2.8.0\springfox-core-2.8.0.jar;E:\maven_repo\net\bytebuddy\byte-buddy\1.7.11\byte-buddy-1.7.11.jar;E:\maven_repo\io\springfox\springfox-schema\2.8.0\springfox-schema-2.8.0.jar;E:\maven_repo\io\springfox\springfox-swagger-common\2.8.0\springfox-swagger-common-2.8.0.jar;E:\maven_repo\io\springfox\springfox-spring-web\2.8.0\springfox-spring-web-2.8.0.jar;E:\maven_repo\org\reflections\reflections\0.9.11\reflections-0.9.11.jar;E:\maven_repo\org\javassist\javassist\3.21.0-GA\javassist-3.21.0-GA.jar;E:\maven_repo\com\google\guava\guava\20.0\guava-20.0.jar;E:\maven_repo\com\fasterxml\classmate\1.3.4\classmate-1.3.4.jar;E:\maven_repo\org\springframework\plugin\spring-plugin-core\1.2.0.RELEASE\spring-plugin-core-1.2.0.RELEASE.jar;E:\maven_repo\org\springframework\plugin\spring-plugin-metadata\1.2.0.RELEASE\spring-plugin-metadata-1.2.0.RELEASE.jar;E:\maven_repo\org\mapstruct\mapstruct\1.2.0.Final\mapstruct-1.2.0.Final.jar;E:\maven_repo\io\springfox\springfox-swagger-ui\2.8.0\springfox-swagger-ui-2.8.0.jar;E:\maven_repo\org\springframework\boot\spring-boot-devtools\2.0.5.RELEASE\spring-boot-devtools-2.0.5.RELEASE.jar;"/>
    <property name="java.vm.vendor" value="Oracle Corporation"/>
    <property name="sun.arch.data.model" value="64"/>
    <property name="user.variant" value=""/>
    <property name="java.vendor.url" value="http://java.oracle.com/"/>
    <property name="user.timezone" value=""/>
    <property name="java.vm.specification.version" value="1.8"/>
    <property name="os.name" value="Windows 10"/>
    <property name="user.country" value="CN"/>
    <property name="sun.java.launcher" value="SUN_STANDARD"/>
    <property name="sun.boot.library.path" value="F:\Java\jdk1.8.0_92\jre\bin"/>
    <property name="sun.java.command" value="C:\Users\lenovo\AppData\Local\Temp\surefire2347629446112836566\surefirebooter4207468241409526109.jar C:\Users\lenovo\AppData\Local\Temp\surefire2347629446112836566 2018-09-16T22-18-51_404-jvmRun1 surefire762777181275716786tmp surefire_08412462832208420792tmp"/>
    <property name="surefire.test.class.path" value="E:\wechat_app\short_video\short-video-back\short-video-root\short-video-root-mini-api\target\test-classes;E:\wechat_app\short_video\short-video-back\short-video-root\short-video-root-mini-api\target\classes;E:\wechat_app\short_video\short-video-back\short-video-root\short-video-root-service\target\short-video-root-service-0.0.1-SNAPSHOT.jar;E:\wechat_app\short_video\short-video-back\short-video-root\short-video-root-mapper\target\short-video-root-mapper-0.0.1-SNAPSHOT.jar;E:\wechat_app\short_video\short-video-back\short-video-root\short-video-root-pojo\target\short-video-root-pojo-0.0.1-SNAPSHOT.jar;E:\wechat_app\short_video\short-video-back\short-video-root\short-video-root-common\target\short-video-root-common-0.0.1-SNAPSHOT.jar;E:\maven_repo\org\springframework\boot\spring-boot-starter\2.0.5.RELEASE\spring-boot-starter-2.0.5.RELEASE.jar;E:\maven_repo\org\springframework\boot\spring-boot\2.0.5.RELEASE\spring-boot-2.0.5.RELEASE.jar;E:\maven_repo\org\springframework\spring-context\5.0.9.RELEASE\spring-context-5.0.9.RELEASE.jar;E:\maven_repo\org\springframework\boot\spring-boot-autoconfigure\2.0.5.RELEASE\spring-boot-autoconfigure-2.0.5.RELEASE.jar;E:\maven_repo\javax\annotation\javax.annotation-api\1.3.2\javax.annotation-api-1.3.2.jar;E:\maven_repo\org\springframework\spring-core\5.0.9.RELEASE\spring-core-5.0.9.RELEASE.jar;E:\maven_repo\org\springframework\spring-jcl\5.0.9.RELEASE\spring-jcl-5.0.9.RELEASE.jar;E:\maven_repo\org\yaml\snakeyaml\1.19\snakeyaml-1.19.jar;E:\maven_repo\org\springframework\boot\spring-boot-starter-log4j\1.3.8.RELEASE\spring-boot-starter-log4j-1.3.8.RELEASE.jar;E:\maven_repo\org\slf4j\jcl-over-slf4j\1.7.25\jcl-over-slf4j-1.7.25.jar;E:\maven_repo\org\slf4j\jul-to-slf4j\1.7.25\jul-to-slf4j-1.7.25.jar;E:\maven_repo\org\slf4j\slf4j-log4j12\1.7.25\slf4j-log4j12-1.7.25.jar;E:\maven_repo\log4j\log4j\1.2.17\log4j-1.2.17.jar;E:\maven_repo\org\springframework\boot\spring-boot-starter-aop\2.0.5.RELEASE\spring-boot-starter-aop-2.0.5.RELEASE.jar;E:\maven_repo\org\springframework\spring-aop\5.0.9.RELEASE\spring-aop-5.0.9.RELEASE.jar;E:\maven_repo\org\springframework\spring-beans\5.0.9.RELEASE\spring-beans-5.0.9.RELEASE.jar;E:\maven_repo\org\aspectj\aspectjweaver\1.8.13\aspectjweaver-1.8.13.jar;E:\maven_repo\org\springframework\boot\spring-boot-starter-web\2.0.5.RELEASE\spring-boot-starter-web-2.0.5.RELEASE.jar;E:\maven_repo\org\springframework\boot\spring-boot-starter-json\2.0.5.RELEASE\spring-boot-starter-json-2.0.5.RELEASE.jar;E:\maven_repo\com\fasterxml\jackson\core\jackson-databind\2.9.6\jackson-databind-2.9.6.jar;E:\maven_repo\com\fasterxml\jackson\core\jackson-core\2.9.6\jackson-core-2.9.6.jar;E:\maven_repo\com\fasterxml\jackson\datatype\jackson-datatype-jdk8\2.9.6\jackson-datatype-jdk8-2.9.6.jar;E:\maven_repo\com\fasterxml\jackson\datatype\jackson-datatype-jsr310\2.9.6\jackson-datatype-jsr310-2.9.6.jar;E:\maven_repo\com\fasterxml\jackson\module\jackson-module-parameter-names\2.9.6\jackson-module-parameter-names-2.9.6.jar;E:\maven_repo\org\springframework\boot\spring-boot-starter-tomcat\2.0.5.RELEASE\spring-boot-starter-tomcat-2.0.5.RELEASE.jar;E:\maven_repo\org\apache\tomcat\embed\tomcat-embed-core\8.5.34\tomcat-embed-core-8.5.34.jar;E:\maven_repo\org\apache\tomcat\embed\tomcat-embed-el\8.5.34\tomcat-embed-el-8.5.34.jar;E:\maven_repo\org\apache\tomcat\embed\tomcat-embed-websocket\8.5.34\tomcat-embed-websocket-8.5.34.jar;E:\maven_repo\org\hibernate\validator\hibernate-validator\6.0.12.Final\hibernate-validator-6.0.12.Final.jar;E:\maven_repo\javax\validation\validation-api\2.0.1.Final\validation-api-2.0.1.Final.jar;E:\maven_repo\org\jboss\logging\jboss-logging\3.3.2.Final\jboss-logging-3.3.2.Final.jar;E:\maven_repo\org\springframework\spring-web\5.0.9.RELEASE\spring-web-5.0.9.RELEASE.jar;E:\maven_repo\org\springframework\spring-webmvc\5.0.9.RELEASE\spring-webmvc-5.0.9.RELEASE.jar;E:\maven_repo\org\springframework\spring-expression\5.0.9.RELEASE\spring-expression-5.0.9.RELEASE.jar;E:\maven_repo\org\springframework\boot\spring-boot-starter-thymeleaf\2.0.5.RELEASE\spring-boot-starter-thymeleaf-2.0.5.RELEASE.jar;E:\maven_repo\org\thymeleaf\thymeleaf-spring5\3.0.9.RELEASE\thymeleaf-spring5-3.0.9.RELEASE.jar;E:\maven_repo\org\thymeleaf\thymeleaf\3.0.9.RELEASE\thymeleaf-3.0.9.RELEASE.jar;E:\maven_repo\org\attoparser\attoparser\2.0.4.RELEASE\attoparser-2.0.4.RELEASE.jar;E:\maven_repo\org\unbescape\unbescape\1.1.5.RELEASE\unbescape-1.1.5.RELEASE.jar;E:\maven_repo\org\thymeleaf\extras\thymeleaf-extras-java8time\3.0.1.RELEASE\thymeleaf-extras-java8time-3.0.1.RELEASE.jar;E:\maven_repo\com\alibaba\druid\1.1.10\druid-1.1.10.jar;E:\maven_repo\com\alibaba\druid-spring-boot-starter\1.1.10\druid-spring-boot-starter-1.1.10.jar;E:\maven_repo\org\slf4j\slf4j-api\1.7.25\slf4j-api-1.7.25.jar;E:\maven_repo\mysql\mysql-connector-java\5.1.47\mysql-connector-java-5.1.47.jar;E:\maven_repo\org\mybatis\spring\boot\mybatis-spring-boot-starter\1.3.2\mybatis-spring-boot-starter-1.3.2.jar;E:\maven_repo\org\springframework\boot\spring-boot-starter-jdbc\2.0.5.RELEASE\spring-boot-starter-jdbc-2.0.5.RELEASE.jar;E:\maven_repo\com\zaxxer\HikariCP\2.7.9\HikariCP-2.7.9.jar;E:\maven_repo\org\springframework\spring-jdbc\5.0.9.RELEASE\spring-jdbc-5.0.9.RELEASE.jar;E:\maven_repo\org\springframework\spring-tx\5.0.9.RELEASE\spring-tx-5.0.9.RELEASE.jar;E:\maven_repo\org\mybatis\spring\boot\mybatis-spring-boot-autoconfigure\1.3.2\mybatis-spring-boot-autoconfigure-1.3.2.jar;E:\maven_repo\org\mybatis\mybatis\3.4.6\mybatis-3.4.6.jar;E:\maven_repo\org\mybatis\mybatis-spring\1.3.2\mybatis-spring-1.3.2.jar;E:\maven_repo\tk\mybatis\mapper-spring-boot-starter\2.0.4\mapper-spring-boot-starter-2.0.4.jar;E:\maven_repo\tk\mybatis\mapper-core\1.0.5\mapper-core-1.0.5.jar;E:\maven_repo\javax\persistence\persistence-api\1.0\persistence-api-1.0.jar;E:\maven_repo\tk\mybatis\mapper-base\1.0.5\mapper-base-1.0.5.jar;E:\maven_repo\tk\mybatis\mapper-weekend\1.1.4.1\mapper-weekend-1.1.4.1.jar;E:\maven_repo\tk\mybatis\mapper-spring\1.0.5\mapper-spring-1.0.5.jar;E:\maven_repo\tk\mybatis\mapper-extra\1.0.5\mapper-extra-1.0.5.jar;E:\maven_repo\tk\mybatis\mapper-spring-boot-autoconfigure\2.0.4\mapper-spring-boot-autoconfigure-2.0.4.jar;E:\maven_repo\com\github\pagehelper\pagehelper-spring-boot-starter\1.2.5\pagehelper-spring-boot-starter-1.2.5.jar;E:\maven_repo\com\github\pagehelper\pagehelper-spring-boot-autoconfigure\1.2.5\pagehelper-spring-boot-autoconfigure-1.2.5.jar;E:\maven_repo\com\github\pagehelper\pagehelper\5.1.4\pagehelper-5.1.4.jar;E:\maven_repo\com\github\jsqlparser\jsqlparser\1.0\jsqlparser-1.0.jar;E:\maven_repo\commons-codec\commons-codec\1.11\commons-codec-1.11.jar;E:\maven_repo\org\apache\commons\commons-lang3\3.7\commons-lang3-3.7.jar;E:\maven_repo\commons-io\commons-io\1.3.2\commons-io-1.3.2.jar;E:\maven_repo\io\springfox\springfox-swagger2\2.8.0\springfox-swagger2-2.8.0.jar;E:\maven_repo\io\swagger\swagger-annotations\1.5.14\swagger-annotations-1.5.14.jar;E:\maven_repo\io\swagger\swagger-models\1.5.14\swagger-models-1.5.14.jar;E:\maven_repo\com\fasterxml\jackson\core\jackson-annotations\2.9.0\jackson-annotations-2.9.0.jar;E:\maven_repo\io\springfox\springfox-spi\2.8.0\springfox-spi-2.8.0.jar;E:\maven_repo\io\springfox\springfox-core\2.8.0\springfox-core-2.8.0.jar;E:\maven_repo\net\bytebuddy\byte-buddy\1.7.11\byte-buddy-1.7.11.jar;E:\maven_repo\io\springfox\springfox-schema\2.8.0\springfox-schema-2.8.0.jar;E:\maven_repo\io\springfox\springfox-swagger-common\2.8.0\springfox-swagger-common-2.8.0.jar;E:\maven_repo\io\springfox\springfox-spring-web\2.8.0\springfox-spring-web-2.8.0.jar;E:\maven_repo\org\reflections\reflections\0.9.11\reflections-0.9.11.jar;E:\maven_repo\org\javassist\javassist\3.21.0-GA\javassist-3.21.0-GA.jar;E:\maven_repo\com\google\guava\guava\20.0\guava-20.0.jar;E:\maven_repo\com\fasterxml\classmate\1.3.4\classmate-1.3.4.jar;E:\maven_repo\org\springframework\plugin\spring-plugin-core\1.2.0.RELEASE\spring-plugin-core-1.2.0.RELEASE.jar;E:\maven_repo\org\springframework\plugin\spring-plugin-metadata\1.2.0.RELEASE\spring-plugin-metadata-1.2.0.RELEASE.jar;E:\maven_repo\org\mapstruct\mapstruct\1.2.0.Final\mapstruct-1.2.0.Final.jar;E:\maven_repo\io\springfox\springfox-swagger-ui\2.8.0\springfox-swagger-ui-2.8.0.jar;E:\maven_repo\org\springframework\boot\spring-boot-devtools\2.0.5.RELEASE\spring-boot-devtools-2.0.5.RELEASE.jar;"/>
    <property name="sun.cpu.endian" value="little"/>
    <property name="user.home" value="C:\Users\lenovo"/>
    <property name="user.language" value="zh"/>
    <property name="java.specification.vendor" value="Oracle Corporation"/>
    <property name="java.home" value="F:\Java\jdk1.8.0_92\jre"/>
    <property name="basedir" value="E:\wechat_app\short_video\short-video-back\short-video-root\short-video-root-mini-api"/>
    <property name="file.separator" value="\"/>
    <property name="line.separator" value="&#10;"/>
    <property name="java.vm.specification.vendor" value="Oracle Corporation"/>
    <property name="java.specification.name" value="Java Platform API Specification"/>
    <property name="java.awt.graphicsenv" value="sun.awt.Win32GraphicsEnvironment"/>
    <property name="surefire.real.class.path" value="C:\Users\lenovo\AppData\Local\Temp\surefire2347629446112836566\surefirebooter4207468241409526109.jar"/>
    <property name="sun.boot.class.path" value="F:\Java\jdk1.8.0_92\jre\lib\resources.jar;F:\Java\jdk1.8.0_92\jre\lib\rt.jar;F:\Java\jdk1.8.0_92\jre\lib\sunrsasign.jar;F:\Java\jdk1.8.0_92\jre\lib\jsse.jar;F:\Java\jdk1.8.0_92\jre\lib\jce.jar;F:\Java\jdk1.8.0_92\jre\lib\charsets.jar;F:\Java\jdk1.8.0_92\jre\lib\jfr.jar;F:\Java\jdk1.8.0_92\jre\classes"/>
    <property name="user.script" value=""/>
    <property name="sun.management.compiler" value="HotSpot 64-Bit Tiered Compilers"/>
    <property name="java.runtime.version" value="1.8.0_92-b14"/>
    <property name="user.name" value="lenovo"/>
    <property name="path.separator" value=";"/>
    <property name="os.version" value="10.0"/>
    <property name="java.endorsed.dirs" value="F:\Java\jdk1.8.0_92\jre\lib\endorsed"/>
    <property name="java.runtime.name" value="Java(TM) SE Runtime Environment"/>
    <property name="file.encoding" value="GBK"/>
    <property name="java.vm.name" value="Java HotSpot(TM) 64-Bit Server VM"/>
    <property name="localRepository" value="E:\maven_repo"/>
    <property name="java.vendor.url.bug" value="http://bugreport.sun.com/bugreport/"/>
    <property name="java.io.tmpdir" value="C:\Users\lenovo\AppData\Local\Temp\"/>
    <property name="idea.version" value="2018.2.3"/>
    <property name="java.version" value="1.8.0_92"/>
    <property name="user.dir" value="E:\wechat_app\short_video\short-video-back\short-video-root\short-video-root-mini-api"/>
    <property name="os.arch" value="amd64"/>
    <property name="java.vm.specification.name" value="Java Virtual Machine Specification"/>
    <property name="java.awt.printerjob" value="sun.awt.windows.WPrinterJob"/>
    <property name="sun.os.patch.level" value=""/>
    <property name="java.library.path" value="F:\Java\jdk1.8.0_92\jre\bin;C:\WINDOWS\Sun\Java\bin;C:\WINDOWS\system32;C:\WINDOWS;F:\Java\jdk1.8.0_92\bin;C:\ProgramData\Oracle\Java\javapath;C:\Program Files (x86)\Intel\iCLS Client\;C:\Program Files\Intel\iCLS Client\;C:\WINDOWS\system32;C:\WINDOWS;C:\WINDOWS\System32\Wbem;C:\WINDOWS\System32\WindowsPowerShell\v1.0\;C:\Program Files (x86)\ATI Technologies\ATI.ACE\Core-Static;C:\Program Files\Intel\Intel(R) Management Engine Components\DAL;C:\Program Files (x86)\Intel\Intel(R) Management Engine Components\DAL;C:\Program Files\Intel\Intel(R) Management Engine Components\IPT;C:\Program Files (x86)\Intel\Intel(R) Management Engine Components\IPT;C:\Program Files\MySQL\MySQL Server 5.5\bin;C:\WINDOWS\system32\config\systemprofile\.dnx\bin;C:\Program Files\Microsoft DNX\Dnvm\;C:\Program Files (x86)\Windows Kits\8.1\Windows Performance Toolkit\;F:\Delphi7.0\Delphi7_Ent\bin;F:\Delphi7.0\Delphi7_Ent\Projects\bpl;F:\Git\Git\cmd;C:\WINDOWS\System32\OpenSSH\;C:\Users\lenovo\AppData\Local\Microsoft\WindowsApps;;."/>
    <property name="java.vm.info" value="mixed mode"/>
    <property name="java.vendor" value="Oracle Corporation"/>
    <property name="java.vm.version" value="25.92-b14"/>
    <property name="java.ext.dirs" value="F:\Java\jdk1.8.0_92\jre\lib\ext;C:\WINDOWS\Sun\Java\lib\ext"/>
    <property name="sun.io.unicode.encoding" value="UnicodeLittle"/>
    <property name="java.class.version" value="52.0"/>
  </properties>
</testsuite>